C:\Viken\AngularCoreMVCEmployeeManagement\AngularCoreMVCEmployeeManagement\ClientApp\dist\out-tsc\src\app\services\alert.service.js
C:\Viken\AngularCoreMVCEmployeeManagement\AngularCoreMVCEmployeeManagement\ClientApp\dist\out-tsc\src\app\services\alert.service.js.map
C:\Viken\AngularCoreMVCEmployeeManagement\AngularCoreMVCEmployeeManagement\ClientApp\dist\out-tsc\src\app\services\message.service.js
C:\Viken\AngularCoreMVCEmployeeManagement\AngularCoreMVCEmployeeManagement\ClientApp\dist\out-tsc\src\app\services\message.service.js.map
C:\Viken\AngularCoreMVCEmployeeManagement\AngularCoreMVCEmployeeManagement\ClientApp\dist\out-tsc\src\app\services\http-error-handler.service.js
C:\Viken\AngularCoreMVCEmployeeManagement\AngularCoreMVCEmployeeManagement\ClientApp\dist\out-tsc\src\app\services\http-error-handler.service.js.map
C:\Viken\AngularCoreMVCEmployeeManagement\AngularCoreMVCEmployeeManagement\ClientApp\dist\out-tsc\src\app\Registration_Details.js
C:\Viken\AngularCoreMVCEmployeeManagement\AngularCoreMVCEmployeeManagement\ClientApp\dist\out-tsc\src\app\Registration_Details.js.map
C:\Viken\AngularCoreMVCEmployeeManagement\AngularCoreMVCEmployeeManagement\ClientApp\dist\out-tsc\src\app\services\registration.service.js
C:\Viken\AngularCoreMVCEmployeeManagement\AngularCoreMVCEmployeeManagement\ClientApp\dist\out-tsc\src\app\services\registration.service.js.map
C:\Viken\AngularCoreMVCEmployeeManagement\AngularCoreMVCEmployeeManagement\ClientApp\dist\out-tsc\src\app\registration\registration.component.js
C:\Viken\AngularCoreMVCEmployeeManagement\AngularCoreMVCEmployeeManagement\ClientApp\dist\out-tsc\src\app\registration\registration.component.js.map
C:\Viken\AngularCoreMVCEmployeeManagement\AngularCoreMVCEmployeeManagement\ClientApp\dist\out-tsc\src\app\login\login.component.js
C:\Viken\AngularCoreMVCEmployeeManagement\AngularCoreMVCEmployeeManagement\ClientApp\dist\out-tsc\src\app\login\login.component.js.map
C:\Viken\AngularCoreMVCEmployeeManagement\AngularCoreMVCEmployeeManagement\ClientApp\dist\out-tsc\src\app\employees\employee.js
C:\Viken\AngularCoreMVCEmployeeManagement\AngularCoreMVCEmployeeManagement\ClientApp\dist\out-tsc\src\app\employees\employee.js.map
C:\Viken\AngularCoreMVCEmployeeManagement\AngularCoreMVCEmployeeManagement\ClientApp\dist\out-tsc\src\app\employees\employee.service.js
C:\Viken\AngularCoreMVCEmployeeManagement\AngularCoreMVCEmployeeManagement\ClientApp\dist\out-tsc\src\app\employees\employee.service.js.map
C:\Viken\AngularCoreMVCEmployeeManagement\AngularCoreMVCEmployeeManagement\ClientApp\dist\out-tsc\src\app\departments\Department.js
C:\Viken\AngularCoreMVCEmployeeManagement\AngularCoreMVCEmployeeManagement\ClientApp\dist\out-tsc\src\app\departments\Department.js.map
C:\Viken\AngularCoreMVCEmployeeManagement\AngularCoreMVCEmployeeManagement\ClientApp\dist\out-tsc\src\app\departments\department.service.js
C:\Viken\AngularCoreMVCEmployeeManagement\AngularCoreMVCEmployeeManagement\ClientApp\dist\out-tsc\src\app\departments\department.service.js.map
C:\Viken\AngularCoreMVCEmployeeManagement\AngularCoreMVCEmployeeManagement\ClientApp\dist\out-tsc\src\app\employees\add-employee\add-employee.component.js
C:\Viken\AngularCoreMVCEmployeeManagement\AngularCoreMVCEmployeeManagement\ClientApp\dist\out-tsc\src\app\employees\add-employee\add-employee.component.js.map
C:\Viken\AngularCoreMVCEmployeeManagement\AngularCoreMVCEmployeeManagement\ClientApp\dist\out-tsc\src\app\employees\edit-employee\edit-employee.component.js
C:\Viken\AngularCoreMVCEmployeeManagement\AngularCoreMVCEmployeeManagement\ClientApp\dist\out-tsc\src\app\employees\edit-employee\edit-employee.component.js.map
C:\Viken\AngularCoreMVCEmployeeManagement\AngularCoreMVCEmployeeManagement\ClientApp\dist\out-tsc\src\app\employees\view-employee\view-employee.component.js
C:\Viken\AngularCoreMVCEmployeeManagement\AngularCoreMVCEmployeeManagement\ClientApp\dist\out-tsc\src\app\employees\view-employee\view-employee.component.js.map
C:\Viken\AngularCoreMVCEmployeeManagement\AngularCoreMVCEmployeeManagement\ClientApp\dist\out-tsc\src\app\employees\employees.component.js
C:\Viken\AngularCoreMVCEmployeeManagement\AngularCoreMVCEmployeeManagement\ClientApp\dist\out-tsc\src\app\employees\employees.component.js.map
C:\Viken\AngularCoreMVCEmployeeManagement\AngularCoreMVCEmployeeManagement\ClientApp\dist\out-tsc\src\app\departments\departments.component.js
C:\Viken\AngularCoreMVCEmployeeManagement\AngularCoreMVCEmployeeManagement\ClientApp\dist\out-tsc\src\app\departments\departments.component.js.map
C:\Viken\AngularCoreMVCEmployeeManagement\AngularCoreMVCEmployeeManagement\ClientApp\dist\out-tsc\src\app\home\home.component.js
C:\Viken\AngularCoreMVCEmployeeManagement\AngularCoreMVCEmployeeManagement\ClientApp\dist\out-tsc\src\app\home\home.component.js.map
C:\Viken\AngularCoreMVCEmployeeManagement\AngularCoreMVCEmployeeManagement\ClientApp\dist\out-tsc\src\app\departments\view-department\view-department.component.js
C:\Viken\AngularCoreMVCEmployeeManagement\AngularCoreMVCEmployeeManagement\ClientApp\dist\out-tsc\src\app\departments\view-department\view-department.component.js.map
C:\Viken\AngularCoreMVCEmployeeManagement\AngularCoreMVCEmployeeManagement\ClientApp\dist\out-tsc\src\app\departments\edit-department\edit-department.component.js
C:\Viken\AngularCoreMVCEmployeeManagement\AngularCoreMVCEmployeeManagement\ClientApp\dist\out-tsc\src\app\departments\edit-department\edit-department.component.js.map
C:\Viken\AngularCoreMVCEmployeeManagement\AngularCoreMVCEmployeeManagement\ClientApp\dist\out-tsc\src\app\departments\add-department\add-department.component.js
C:\Viken\AngularCoreMVCEmployeeManagement\AngularCoreMVCEmployeeManagement\ClientApp\dist\out-tsc\src\app\departments\add-department\add-department.component.js.map
C:\Viken\AngularCoreMVCEmployeeManagement\AngularCoreMVCEmployeeManagement\ClientApp\dist\out-tsc\src\app\app-routing.module.js
C:\Viken\AngularCoreMVCEmployeeManagement\AngularCoreMVCEmployeeManagement\ClientApp\dist\out-tsc\src\app\app-routing.module.js.map
C:\Viken\AngularCoreMVCEmployeeManagement\AngularCoreMVCEmployeeManagement\ClientApp\dist\out-tsc\src\app\app.component.js
C:\Viken\AngularCoreMVCEmployeeManagement\AngularCoreMVCEmployeeManagement\ClientApp\dist\out-tsc\src\app\app.component.js.map
C:\Viken\AngularCoreMVCEmployeeManagement\AngularCoreMVCEmployeeManagement\ClientApp\dist\out-tsc\src\app\services\common.service.js
C:\Viken\AngularCoreMVCEmployeeManagement\AngularCoreMVCEmployeeManagement\ClientApp\dist\out-tsc\src\app\services\common.service.js.map
C:\Viken\AngularCoreMVCEmployeeManagement\AngularCoreMVCEmployeeManagement\ClientApp\dist\out-tsc\src\app\app.module.js
C:\Viken\AngularCoreMVCEmployeeManagement\AngularCoreMVCEmployeeManagement\ClientApp\dist\out-tsc\src\app\app.module.js.map
C:\Viken\AngularCoreMVCEmployeeManagement\AngularCoreMVCEmployeeManagement\ClientApp\dist\out-tsc\src\environments\environment.js
C:\Viken\AngularCoreMVCEmployeeManagement\AngularCoreMVCEmployeeManagement\ClientApp\dist\out-tsc\src\environments\environment.js.map
C:\Viken\AngularCoreMVCEmployeeManagement\AngularCoreMVCEmployeeManagement\ClientApp\dist\out-tsc\src\main.js
C:\Viken\AngularCoreMVCEmployeeManagement\AngularCoreMVCEmployeeManagement\ClientApp\dist\out-tsc\src\main.js.map
C:\Viken\AngularCoreMVCEmployeeManagement\AngularCoreMVCEmployeeManagement\ClientApp\dist\out-tsc\src\polyfills.js
C:\Viken\AngularCoreMVCEmployeeManagement\AngularCoreMVCEmployeeManagement\ClientApp\dist\out-tsc\src\polyfills.js.map
C:\Viken\AngularCoreMVCEmployeeManagement\AngularCoreMVCEmployeeManagement\ClientApp\dist\out-tsc\src\test.js
C:\Viken\AngularCoreMVCEmployeeManagement\AngularCoreMVCEmployeeManagement\ClientApp\dist\out-tsc\src\test.js.map
C:\Viken\AngularCoreMVCEmployeeManagement\AngularCoreMVCEmployeeManagement\ClientApp\dist\out-tsc\e2e\src\app.po.js
C:\Viken\AngularCoreMVCEmployeeManagement\AngularCoreMVCEmployeeManagement\ClientApp\dist\out-tsc\e2e\src\app.po.js.map
C:\Viken\AngularCoreMVCEmployeeManagement\AngularCoreMVCEmployeeManagement\ClientApp\dist\out-tsc\e2e\src\app.e2e-spec.js
C:\Viken\AngularCoreMVCEmployeeManagement\AngularCoreMVCEmployeeManagement\ClientApp\dist\out-tsc\e2e\src\app.e2e-spec.js.map
C:\Viken\AngularCoreMVCEmployeeManagement\AngularCoreMVCEmployeeManagement\ClientApp\dist\out-tsc\src\app\app.component.spec.js
C:\Viken\AngularCoreMVCEmployeeManagement\AngularCoreMVCEmployeeManagement\ClientApp\dist\out-tsc\src\app\app.component.spec.js.map
C:\Viken\AngularCoreMVCEmployeeManagement\AngularCoreMVCEmployeeManagement\ClientApp\dist\out-tsc\src\environments\environment.prod.js
C:\Viken\AngularCoreMVCEmployeeManagement\AngularCoreMVCEmployeeManagement\ClientApp\dist\out-tsc\src\environments\environment.prod.js.map
C:\Viken\AngularCoreMVCEmployeeManagement\AngularCoreMVCEmployeeManagement\ClientApp\dist\out-tsc\src\app\departments\department.service.spec.js
C:\Viken\AngularCoreMVCEmployeeManagement\AngularCoreMVCEmployeeManagement\ClientApp\dist\out-tsc\src\app\departments\department.service.spec.js.map
C:\Viken\AngularCoreMVCEmployeeManagement\AngularCoreMVCEmployeeManagement\ClientApp\dist\out-tsc\src\app\departments\departments-routing.module.js
C:\Viken\AngularCoreMVCEmployeeManagement\AngularCoreMVCEmployeeManagement\ClientApp\dist\out-tsc\src\app\departments\departments-routing.module.js.map
C:\Viken\AngularCoreMVCEmployeeManagement\AngularCoreMVCEmployeeManagement\ClientApp\dist\out-tsc\src\app\departments\departments.component.spec.js
C:\Viken\AngularCoreMVCEmployeeManagement\AngularCoreMVCEmployeeManagement\ClientApp\dist\out-tsc\src\app\departments\departments.component.spec.js.map
C:\Viken\AngularCoreMVCEmployeeManagement\AngularCoreMVCEmployeeManagement\ClientApp\dist\out-tsc\src\app\departments\departments.module.js
C:\Viken\AngularCoreMVCEmployeeManagement\AngularCoreMVCEmployeeManagement\ClientApp\dist\out-tsc\src\app\departments\departments.module.js.map
C:\Viken\AngularCoreMVCEmployeeManagement\AngularCoreMVCEmployeeManagement\ClientApp\dist\out-tsc\src\app\employees\employee.service.spec.js
C:\Viken\AngularCoreMVCEmployeeManagement\AngularCoreMVCEmployeeManagement\ClientApp\dist\out-tsc\src\app\employees\employee.service.spec.js.map
C:\Viken\AngularCoreMVCEmployeeManagement\AngularCoreMVCEmployeeManagement\ClientApp\dist\out-tsc\src\app\employees\employees-routing.module.js
C:\Viken\AngularCoreMVCEmployeeManagement\AngularCoreMVCEmployeeManagement\ClientApp\dist\out-tsc\src\app\employees\employees-routing.module.js.map
C:\Viken\AngularCoreMVCEmployeeManagement\AngularCoreMVCEmployeeManagement\ClientApp\dist\out-tsc\src\app\employees\employees.component.spec.js
C:\Viken\AngularCoreMVCEmployeeManagement\AngularCoreMVCEmployeeManagement\ClientApp\dist\out-tsc\src\app\employees\employees.component.spec.js.map
C:\Viken\AngularCoreMVCEmployeeManagement\AngularCoreMVCEmployeeManagement\ClientApp\dist\out-tsc\src\app\employees\employees.module.js
C:\Viken\AngularCoreMVCEmployeeManagement\AngularCoreMVCEmployeeManagement\ClientApp\dist\out-tsc\src\app\employees\employees.module.js.map
C:\Viken\AngularCoreMVCEmployeeManagement\AngularCoreMVCEmployeeManagement\ClientApp\dist\out-tsc\src\app\home\home.component.spec.js
C:\Viken\AngularCoreMVCEmployeeManagement\AngularCoreMVCEmployeeManagement\ClientApp\dist\out-tsc\src\app\home\home.component.spec.js.map
C:\Viken\AngularCoreMVCEmployeeManagement\AngularCoreMVCEmployeeManagement\ClientApp\dist\out-tsc\src\app\login\login.component.spec.js
C:\Viken\AngularCoreMVCEmployeeManagement\AngularCoreMVCEmployeeManagement\ClientApp\dist\out-tsc\src\app\login\login.component.spec.js.map
C:\Viken\AngularCoreMVCEmployeeManagement\AngularCoreMVCEmployeeManagement\ClientApp\dist\out-tsc\src\app\registration\registration.component.spec.js
C:\Viken\AngularCoreMVCEmployeeManagement\AngularCoreMVCEmployeeManagement\ClientApp\dist\out-tsc\src\app\registration\registration.component.spec.js.map
C:\Viken\AngularCoreMVCEmployeeManagement\AngularCoreMVCEmployeeManagement\ClientApp\dist\out-tsc\src\app\services\common.service.spec.js
C:\Viken\AngularCoreMVCEmployeeManagement\AngularCoreMVCEmployeeManagement\ClientApp\dist\out-tsc\src\app\services\common.service.spec.js.map
C:\Viken\AngularCoreMVCEmployeeManagement\AngularCoreMVCEmployeeManagement\ClientApp\dist\out-tsc\src\app\services\registration.service.spec.js
C:\Viken\AngularCoreMVCEmployeeManagement\AngularCoreMVCEmployeeManagement\ClientApp\dist\out-tsc\src\app\services\registration.service.spec.js.map
C:\Viken\AngularCoreMVCEmployeeManagement\AngularCoreMVCEmployeeManagement\ClientApp\dist\out-tsc\src\app\departments\add-department\add-department.component.spec.js
C:\Viken\AngularCoreMVCEmployeeManagement\AngularCoreMVCEmployeeManagement\ClientApp\dist\out-tsc\src\app\departments\add-department\add-department.component.spec.js.map
C:\Viken\AngularCoreMVCEmployeeManagement\AngularCoreMVCEmployeeManagement\ClientApp\dist\out-tsc\src\app\departments\edit-department\edit-department.component.spec.js
C:\Viken\AngularCoreMVCEmployeeManagement\AngularCoreMVCEmployeeManagement\ClientApp\dist\out-tsc\src\app\departments\edit-department\edit-department.component.spec.js.map
C:\Viken\AngularCoreMVCEmployeeManagement\AngularCoreMVCEmployeeManagement\ClientApp\dist\out-tsc\src\app\departments\view-department\view-department.component.spec.js
C:\Viken\AngularCoreMVCEmployeeManagement\AngularCoreMVCEmployeeManagement\ClientApp\dist\out-tsc\src\app\departments\view-department\view-department.component.spec.js.map
C:\Viken\AngularCoreMVCEmployeeManagement\AngularCoreMVCEmployeeManagement\ClientApp\dist\out-tsc\src\app\employees\add-employee\add-employee.component.spec.js
C:\Viken\AngularCoreMVCEmployeeManagement\AngularCoreMVCEmployeeManagement\ClientApp\dist\out-tsc\src\app\employees\add-employee\add-employee.component.spec.js.map
C:\Viken\AngularCoreMVCEmployeeManagement\AngularCoreMVCEmployeeManagement\ClientApp\dist\out-tsc\src\app\employees\edit-employee\edit-employee.component.spec.js
C:\Viken\AngularCoreMVCEmployeeManagement\AngularCoreMVCEmployeeManagement\ClientApp\dist\out-tsc\src\app\employees\edit-employee\edit-employee.component.spec.js.map
C:\Viken\AngularCoreMVCEmployeeManagement\AngularCoreMVCEmployeeManagement\ClientApp\dist\out-tsc\src\app\employees\view-employee\view-employee.component.spec.js
C:\Viken\AngularCoreMVCEmployeeManagement\AngularCoreMVCEmployeeManagement\ClientApp\dist\out-tsc\src\app\employees\view-employee\view-employee.component.spec.js.map
